C51 COMPILER V9.00   MAIN                                                                  02/01/2018 17:51:32 PAGE 1   


C51 COMPILER V9.00, COMPILATION OF MODULE MAIN
OBJECT MODULE PLACED IN .\Objects\main.obj
COMPILER INVOKED BY: C:\Keil_v5\C51\BIN\C51.EXE main.c OPTIMIZE(8,SPEED) BROWSE INCDIR(..\PWM产生方波) DEBUG OBJECTEXTEN
                    -D PRINT(.\Listings\main.lst) TABS(2) OBJECT(.\Objects\main.obj)

line level    source

   1          #include "STC15F2K60S2.h"
   2          #include "allinit.h"
   3          #include "PWM.h"
   4          
   5          #define uchar unsigned char
   6          #define uint unsigned int
   7          
   8          //sbit Output = P0^5;  //方波输出口
   9          
  10          void main(void)
  11          {
  12   1        allinit();
  13   1        Timer1_Init();
  14   1        EA=1;
  15   1        P2=(P2&0x1f)|0x80;
  16   1        while(1);
  17   1        
  18   1      //  //产生方波的部分
  19   1      //  smg_Timer0init();
  20   1      //  while(1)
  21   1      //  {
  22   1      //    P2 =(P2&0x1f)|0xA0;
  23   1      //    if(cnt < 50)
  24   1      //    Output = 1;
  25   1      //    else
  26   1      //    Output = 0;
  27   1      //    P2 &= 0x1f;
  28   1      //  }
  29   1        
  30   1      }


MODULE INFORMATION:   STATIC OVERLAYABLE
   CODE SIZE        =    202    ----
   CONSTANT SIZE    =   ----    ----
   XDATA SIZE       =   ----    ----
   PDATA SIZE       =   ----    ----
   DATA SIZE        =      4    ----
   IDATA SIZE       =   ----    ----
   BIT SIZE         =   ----    ----
END OF MODULE INFORMATION.


C51 COMPILATION COMPLETE.  0 WARNING(S),  0 ERROR(S)
